<?xml version="1.0" encoding="UTF-8"?>
<!-- Generated by org.testng.reporters.JUnitReportReporter -->
<testsuite hostname="LAPTOP-PR1LFR9C" failures="0" tests="1" name="com.seleniumEW.testCases.LoginTestCrm" time="12.662" errors="0" timestamp="2022-06-09T00:55:09 EDT" skipped="0">
  <testcase classname="com.seleniumEW.testCases.LoginTestCrm" name="loginApp" time="12.662"/>
  <system-out/>
</testsuite> <!-- com.seleniumEW.testCases.LoginTestCrm -->
